Copyright 1986-2018 Xilinx, Inc. All Rights Reserved.
-------------------------------------------------------------------------------------------------------------------------------------------------------------------------------------------------
| Tool Version     : Vivado v.2018.2 (win64) Build 2258646 Thu Jun 14 20:03:12 MDT 2018
| Date             : Fri Nov 16 22:22:30 2018
| Host             : DESKTOP-0OSJ4OS running 64-bit major release  (build 9200)
| Command          : report_power -file High_Level_Nano_Processor_power_routed.rpt -pb High_Level_Nano_Processor_power_summary_routed.pb -rpx High_Level_Nano_Processor_power_routed.rpx
| Design           : High_Level_Nano_Processor
| Device           : xc7a35tcpg236-1
| Design State     : routed
| Grade            : commercial
| Process          : typical
| Characterization : Production
-------------------------------------------------------------------------------------------------------------------------------------------------------------------------------------------------

Power Report

Table of Contents
-----------------
1. Summary
1.1 On-Chip Components
1.2 Power Supply Summary
1.3 Confidence Level
2. Settings
2.1 Environment
2.2 Clock Constraints
3. Detailed Reports
3.1 By Hierarchy

1. Summary
----------

+--------------------------+--------------+
| Total On-Chip Power (W)  | 0.191        |
| Design Power Budget (W)  | Unspecified* |
| Power Budget Margin (W)  | NA           |
| Dynamic (W)              | 0.119        |
| Device Static (W)        | 0.072        |
| Effective TJA (C/W)      | 5.0          |
| Max Ambient (C)          | 84.0         |
| Junction Temperature (C) | 26.0         |
| Confidence Level         | Low          |
| Setting File             | ---          |
| Simulation Activity File | ---          |
| Design Nets Matched      | NA           |
+--------------------------+--------------+
* Specify Design Power Budget using, set_operating_conditions -design_power_budget <value in Watts>


1.1 On-Chip Components
----------------------

+----------------+-----------+----------+-----------+-----------------+
| On-Chip        | Power (W) | Used     | Available | Utilization (%) |
+----------------+-----------+----------+-----------+-----------------+
| Clocks         |     0.002 |        3 |       --- |             --- |
| Slice Logic    |     0.001 |      389 |       --- |             --- |
|   LUT as Logic |     0.001 |      162 |     20800 |            0.78 |
|   Register     |    <0.001 |       94 |     41600 |            0.23 |
|   CARRY4       |    <0.001 |       12 |      8150 |            0.15 |
|   Others       |     0.000 |       55 |       --- |             --- |
| Signals        |     0.001 |      280 |       --- |             --- |
| I/O            |     0.115 |       25 |       106 |           23.58 |
| Static Power   |     0.072 |          |           |                 |
| Total          |     0.191 |          |           |                 |
+----------------+-----------+----------+-----------+-----------------+


1.2 Power Supply Summary
------------------------

+-----------+-------------+-----------+-------------+------------+
| Source    | Voltage (V) | Total (A) | Dynamic (A) | Static (A) |
+-----------+-------------+-----------+-------------+------------+
| Vccint    |       1.000 |     0.014 |       0.004 |      0.010 |
| Vccaux    |       1.800 |     0.017 |       0.004 |      0.013 |
| Vcco33    |       3.300 |     0.033 |       0.032 |      0.001 |
| Vcco25    |       2.500 |     0.000 |       0.000 |      0.000 |
| Vcco18    |       1.800 |     0.000 |       0.000 |      0.000 |
| Vcco15    |       1.500 |     0.000 |       0.000 |      0.000 |
| Vcco135   |       1.350 |     0.000 |       0.000 |      0.000 |
| Vcco12    |       1.200 |     0.000 |       0.000 |      0.000 |
| Vccaux_io |       1.800 |     0.000 |       0.000 |      0.000 |
| Vccbram   |       1.000 |     0.000 |       0.000 |      0.000 |
| MGTAVcc   |       1.000 |     0.000 |       0.000 |      0.000 |
| MGTAVtt   |       1.200 |     0.000 |       0.000 |      0.000 |
| Vccadc    |       1.800 |     0.020 |       0.000 |      0.020 |
+-----------+-------------+-----------+-------------+------------+


1.3 Confidence Level
--------------------

+-----------------------------+------------+-------------------------------------------------------+--------------------------------------------------------------------------------------------------------------------+
| User Input Data             | Confidence | Details                                               | Action                                                                                                             |
+-----------------------------+------------+-------------------------------------------------------+--------------------------------------------------------------------------------------------------------------------+
| Design implementation state | High       | Design is routed                                      |                                                                                                                    |
| Clock nodes activity        | Low        | User specified less than 75% of clocks                | Provide missing clock activity with a constraint file, simulation results or by editing the "By Clock Domain" view |
| I/O nodes activity          | Medium     | More than 5% of inputs are missing user specification | Provide missing input activity with simulation results or by editing the "By Resource Type -> I/Os" view           |
| Internal nodes activity     | Medium     | User specified less than 25% of internal nodes        | Provide missing internal nodes activity with simulation results or by editing the "By Resource Type" views         |
| Device models               | High       | Device models are Production                          |                                                                                                                    |
|                             |            |                                                       |                                                                                                                    |
| Overall confidence level    | Low        |                                                       |                                                                                                                    |
+-----------------------------+------------+-------------------------------------------------------+--------------------------------------------------------------------------------------------------------------------+


2. Settings
-----------

2.1 Environment
---------------

+-----------------------+--------------------------+
| Ambient Temp (C)      | 25.0                     |
| ThetaJA (C/W)         | 5.0                      |
| Airflow (LFM)         | 250                      |
| Heat Sink             | medium (Medium Profile)  |
| ThetaSA (C/W)         | 4.6                      |
| Board Selection       | medium (10"x10")         |
| # of Board Layers     | 12to15 (12 to 15 Layers) |
| Board Temperature (C) | 25.0                     |
+-----------------------+--------------------------+


2.2 Clock Constraints
---------------------

+-------------+--------+-----------------+
| Clock       | Domain | Constraint (ns) |
+-------------+--------+-----------------+
| sys_clk_pin | CLK    |            10.0 |
+-------------+--------+-----------------+


3. Detailed Reports
-------------------

3.1 By Hierarchy
----------------

+---------------------------+-----------+
| Name                      | Power (W) |
+---------------------------+-----------+
| High_Level_Nano_Processor |     0.119 |
|   Nano_Processor_0        |     0.002 |
|     Program_Counter_0     |     0.001 |
|       D_Flip_Flop_0       |    <0.001 |
|       D_Flip_Flop_1       |    <0.001 |
|       D_Flip_Flop_2       |    <0.001 |
|       D_Flip_Flop_3       |    <0.001 |
|     Reg_Bank_0            |     0.001 |
|       Reg_1               |    <0.001 |
|         D_Flip_Flop_0     |    <0.001 |
|         D_Flip_Flop_1     |    <0.001 |
|         D_Flip_Flop_2     |    <0.001 |
|         D_Flip_Flop_3     |    <0.001 |
|         D_Flip_Flop_4     |    <0.001 |
|         D_Flip_Flop_5     |    <0.001 |
|         D_Flip_Flop_6     |    <0.001 |
|         D_Flip_Flop_7     |    <0.001 |
|       Reg_2               |    <0.001 |
|         D_Flip_Flop_0     |    <0.001 |
|         D_Flip_Flop_1     |    <0.001 |
|         D_Flip_Flop_2     |    <0.001 |
|         D_Flip_Flop_3     |    <0.001 |
|         D_Flip_Flop_4     |    <0.001 |
|         D_Flip_Flop_5     |    <0.001 |
|         D_Flip_Flop_6     |    <0.001 |
|         D_Flip_Flop_7     |    <0.001 |
|       Reg_3               |    <0.001 |
|         D_Flip_Flop_0     |    <0.001 |
|         D_Flip_Flop_1     |    <0.001 |
|         D_Flip_Flop_2     |    <0.001 |
|         D_Flip_Flop_3     |    <0.001 |
|         D_Flip_Flop_4     |    <0.001 |
|         D_Flip_Flop_5     |    <0.001 |
|         D_Flip_Flop_6     |    <0.001 |
|         D_Flip_Flop_7     |    <0.001 |
|       Reg_4               |    <0.001 |
|         D_Flip_Flop_0     |    <0.001 |
|         D_Flip_Flop_1     |    <0.001 |
|         D_Flip_Flop_2     |    <0.001 |
|         D_Flip_Flop_3     |    <0.001 |
|         D_Flip_Flop_4     |    <0.001 |
|         D_Flip_Flop_5     |    <0.001 |
|         D_Flip_Flop_6     |    <0.001 |
|         D_Flip_Flop_7     |    <0.001 |
|       Reg_5               |    <0.001 |
|         D_Flip_Flop_0     |    <0.001 |
|         D_Flip_Flop_1     |    <0.001 |
|         D_Flip_Flop_2     |    <0.001 |
|         D_Flip_Flop_3     |    <0.001 |
|         D_Flip_Flop_4     |    <0.001 |
|         D_Flip_Flop_5     |    <0.001 |
|         D_Flip_Flop_6     |    <0.001 |
|         D_Flip_Flop_7     |    <0.001 |
|       Reg_7               |    <0.001 |
|         D_Flip_Flop_0     |    <0.001 |
|         D_Flip_Flop_1     |    <0.001 |
|         D_Flip_Flop_2     |    <0.001 |
|         D_Flip_Flop_3     |    <0.001 |
|         D_Flip_Flop_4     |    <0.001 |
|         D_Flip_Flop_5     |    <0.001 |
|         D_Flip_Flop_6     |    <0.001 |
|         D_Flip_Flop_7     |    <0.001 |
|   Slow_Clk_0              |    <0.001 |
+---------------------------+-----------+


