Copyright 1986-2018 Xilinx, Inc. All Rights Reserved.
------------------------------------------------------------------------------------------------------------------------------------------------------------------
| Tool Version : Vivado v.2018.2 (win64) Build 2258646 Thu Jun 14 20:03:12 MDT 2018
| Date         : Fri Nov 16 22:22:03 2018
| Host         : DESKTOP-0OSJ4OS running 64-bit major release  (build 9200)
| Command      : report_drc -file High_Level_Nano_Processor_drc_opted.rpt -pb High_Level_Nano_Processor_drc_opted.pb -rpx High_Level_Nano_Processor_drc_opted.rpx
| Design       : High_Level_Nano_Processor
| Device       : xc7a35tcpg236-1
| Speed File   : -1
| Design State : Synthesized
------------------------------------------------------------------------------------------------------------------------------------------------------------------

Report DRC

Table of Contents
-----------------
1. REPORT SUMMARY
2. REPORT DETAILS

1. REPORT SUMMARY
-----------------
            Netlist: netlist
          Floorplan: design_1
      Design limits: <entire design considered>
           Ruledeck: default
             Max violations: <unlimited>
             Violations found: 7
+-------------+----------+-------------------------------------------------------------+------------+
| Rule        | Severity | Description                                                 | Violations |
+-------------+----------+-------------------------------------------------------------+------------+
| CFGBVS-1    | Warning  | Missing CFGBVS and CONFIG_VOLTAGE Design Properties         | 1          |
| PLHOLDVIO-2 | Warning  | Non-Optimal connections which could lead to hold violations | 6          |
+-------------+----------+-------------------------------------------------------------+------------+

2. REPORT DETAILS
-----------------
CFGBVS-1#1 Warning
Missing CFGBVS and CONFIG_VOLTAGE Design Properties  
Neither the CFGBVS nor CONFIG_VOLTAGE voltage property is set in the current_design.  Configuration bank voltage select (CFGBVS) must be set to VCCO or GND, and CONFIG_VOLTAGE must be set to the correct configuration voltage, in order to determine the I/O voltage support for the pins in bank 0.  It is suggested to specify these either using the 'Edit Device Properties' function in the GUI or directly in the XDC file using the following syntax:

 set_property CFGBVS value1 [current_design]
 #where value1 is either VCCO or GND

 set_property CONFIG_VOLTAGE value2 [current_design]
 #where value2 is the voltage provided to configuration bank 0

Refer to the device configuration user guide for more information.
Related violations: <none>

PLHOLDVIO-2#1 Warning
Non-Optimal connections which could lead to hold violations  
A LUT Nano_Processor_0/Program_Counter_0/D_Flip_Flop_3/Q_i_1 is driving clock pin of 8 cells. This could lead to large hold time violations. First few involved cells are:
    Nano_Processor_0/Reg_Bank_0/Reg_4/D_Flip_Flop_0/Q_reg {FDRE}
    Nano_Processor_0/Reg_Bank_0/Reg_4/D_Flip_Flop_1/Q_reg {FDRE}
    Nano_Processor_0/Reg_Bank_0/Reg_4/D_Flip_Flop_2/Q_reg {FDRE}
    Nano_Processor_0/Reg_Bank_0/Reg_4/D_Flip_Flop_3/Q_reg {FDRE}
    Nano_Processor_0/Reg_Bank_0/Reg_4/D_Flip_Flop_4/Q_reg {FDRE}
    Nano_Processor_0/Reg_Bank_0/Reg_4/D_Flip_Flop_5/Q_reg {FDRE}
    Nano_Processor_0/Reg_Bank_0/Reg_4/D_Flip_Flop_6/Q_reg {FDRE}
    Nano_Processor_0/Reg_Bank_0/Reg_4/D_Flip_Flop_7/Q_reg {FDRE}

Related violations: <none>

PLHOLDVIO-2#2 Warning
Non-Optimal connections which could lead to hold violations  
A LUT Nano_Processor_0/Program_Counter_0/D_Flip_Flop_3/Q_i_1__0 is driving clock pin of 8 cells. This could lead to large hold time violations. First few involved cells are:
    Nano_Processor_0/Reg_Bank_0/Reg_5/D_Flip_Flop_0/Q_reg {FDRE}
    Nano_Processor_0/Reg_Bank_0/Reg_5/D_Flip_Flop_1/Q_reg {FDRE}
    Nano_Processor_0/Reg_Bank_0/Reg_5/D_Flip_Flop_2/Q_reg {FDRE}
    Nano_Processor_0/Reg_Bank_0/Reg_5/D_Flip_Flop_3/Q_reg {FDRE}
    Nano_Processor_0/Reg_Bank_0/Reg_5/D_Flip_Flop_4/Q_reg {FDRE}
    Nano_Processor_0/Reg_Bank_0/Reg_5/D_Flip_Flop_5/Q_reg {FDRE}
    Nano_Processor_0/Reg_Bank_0/Reg_5/D_Flip_Flop_6/Q_reg {FDRE}
    Nano_Processor_0/Reg_Bank_0/Reg_5/D_Flip_Flop_7/Q_reg {FDRE}

Related violations: <none>

PLHOLDVIO-2#3 Warning
Non-Optimal connections which could lead to hold violations  
A LUT Nano_Processor_0/Program_Counter_0/D_Flip_Flop_3/Q_i_1__1 is driving clock pin of 8 cells. This could lead to large hold time violations. First few involved cells are:
    Nano_Processor_0/Reg_Bank_0/Reg_2/D_Flip_Flop_0/Q_reg {FDRE}
    Nano_Processor_0/Reg_Bank_0/Reg_2/D_Flip_Flop_1/Q_reg {FDRE}
    Nano_Processor_0/Reg_Bank_0/Reg_2/D_Flip_Flop_2/Q_reg {FDRE}
    Nano_Processor_0/Reg_Bank_0/Reg_2/D_Flip_Flop_3/Q_reg {FDRE}
    Nano_Processor_0/Reg_Bank_0/Reg_2/D_Flip_Flop_4/Q_reg {FDRE}
    Nano_Processor_0/Reg_Bank_0/Reg_2/D_Flip_Flop_5/Q_reg {FDRE}
    Nano_Processor_0/Reg_Bank_0/Reg_2/D_Flip_Flop_6/Q_reg {FDRE}
    Nano_Processor_0/Reg_Bank_0/Reg_2/D_Flip_Flop_7/Q_reg {FDRE}

Related violations: <none>

PLHOLDVIO-2#4 Warning
Non-Optimal connections which could lead to hold violations  
A LUT Nano_Processor_0/Program_Counter_0/D_Flip_Flop_3/Q_i_1__2 is driving clock pin of 8 cells. This could lead to large hold time violations. First few involved cells are:
    Nano_Processor_0/Reg_Bank_0/Reg_3/D_Flip_Flop_0/Q_reg {FDRE}
    Nano_Processor_0/Reg_Bank_0/Reg_3/D_Flip_Flop_1/Q_reg {FDRE}
    Nano_Processor_0/Reg_Bank_0/Reg_3/D_Flip_Flop_2/Q_reg {FDRE}
    Nano_Processor_0/Reg_Bank_0/Reg_3/D_Flip_Flop_3/Q_reg {FDRE}
    Nano_Processor_0/Reg_Bank_0/Reg_3/D_Flip_Flop_4/Q_reg {FDRE}
    Nano_Processor_0/Reg_Bank_0/Reg_3/D_Flip_Flop_5/Q_reg {FDRE}
    Nano_Processor_0/Reg_Bank_0/Reg_3/D_Flip_Flop_6/Q_reg {FDRE}
    Nano_Processor_0/Reg_Bank_0/Reg_3/D_Flip_Flop_7/Q_reg {FDRE}

Related violations: <none>

PLHOLDVIO-2#5 Warning
Non-Optimal connections which could lead to hold violations  
A LUT Nano_Processor_0/Program_Counter_0/D_Flip_Flop_3/Q_i_1__3 is driving clock pin of 16 cells. This could lead to large hold time violations. First few involved cells are:
    Nano_Processor_0/Reg_Bank_0/Reg_7/D_Flip_Flop_0/Q_reg {FDRE}
    Nano_Processor_0/Reg_Bank_0/Reg_7/D_Flip_Flop_0/Q_reg_lopt_replica {FDRE}
    Nano_Processor_0/Reg_Bank_0/Reg_7/D_Flip_Flop_1/Q_reg {FDRE}
    Nano_Processor_0/Reg_Bank_0/Reg_7/D_Flip_Flop_1/Q_reg_lopt_replica {FDRE}
    Nano_Processor_0/Reg_Bank_0/Reg_7/D_Flip_Flop_2/Q_reg {FDRE}
    Nano_Processor_0/Reg_Bank_0/Reg_7/D_Flip_Flop_2/Q_reg_lopt_replica {FDRE}
    Nano_Processor_0/Reg_Bank_0/Reg_7/D_Flip_Flop_3/Q_reg {FDRE}
    Nano_Processor_0/Reg_Bank_0/Reg_7/D_Flip_Flop_3/Q_reg_lopt_replica {FDRE}
    Nano_Processor_0/Reg_Bank_0/Reg_7/D_Flip_Flop_4/Q_reg {FDRE}

Related violations: <none>

PLHOLDVIO-2#6 Warning
Non-Optimal connections which could lead to hold violations  
A LUT Nano_Processor_0/Program_Counter_0/D_Flip_Flop_3/Q_i_2 is driving clock pin of 8 cells. This could lead to large hold time violations. First few involved cells are:
    Nano_Processor_0/Reg_Bank_0/Reg_1/D_Flip_Flop_0/Q_reg {FDRE}
    Nano_Processor_0/Reg_Bank_0/Reg_1/D_Flip_Flop_1/Q_reg {FDRE}
    Nano_Processor_0/Reg_Bank_0/Reg_1/D_Flip_Flop_2/Q_reg {FDRE}
    Nano_Processor_0/Reg_Bank_0/Reg_1/D_Flip_Flop_3/Q_reg {FDRE}
    Nano_Processor_0/Reg_Bank_0/Reg_1/D_Flip_Flop_4/Q_reg {FDRE}
    Nano_Processor_0/Reg_Bank_0/Reg_1/D_Flip_Flop_5/Q_reg {FDRE}
    Nano_Processor_0/Reg_Bank_0/Reg_1/D_Flip_Flop_6/Q_reg {FDRE}
    Nano_Processor_0/Reg_Bank_0/Reg_1/D_Flip_Flop_7/Q_reg {FDRE}

Related violations: <none>


